Arguments: 
  /usr/local/bin/node /usr/local/bin/yarn install

PATH: 
  /Users/kymani/Developer/flutter/bin :/usr/local/bin:/usr/bin:/bin:/usr/sbin:/sbin:/Library/Apple/usr/bin:/Users/kymani/Developer/flutter/bin:/Users/kymani/.rvm/bin

Yarn version: 
  1.22.19

Node version: 
  18.12.1

Platform: 
  darwin x64

Trace: 
  Error: read ECONNRESET
      at TLSWrap.onStreamRead (node:internal/stream_base_commons:217:20)

npm manifest: 
  {
    "name": "linkapp",
    "version": "1.0.0",
    "main": "node_modules/expo/AppEntry.js",
    "scripts": {
      "start": "expo start",
      "android": "expo start --android",
      "ios": "expo start --ios",
      "web": "expo start --web"
    },
    "dependencies": {
      "@expo-google-fonts/crimson-text": "^0.2.0",
      "@expo-google-fonts/fondamento": "^0.2.2",
      "@expo-google-fonts/quintessential": "^0.2.2",
      "@expo-google-fonts/roboto": "^0.2.2",
      "@expo-google-fonts/short-stack": "^0.2.2",
      "@gorhom/bottom-sheet": "^4.4.5",
      "@react-native-community/progress-bar-android": "^1.0.5",
      "@react-native-picker/picker": "2.4.8",
      "@react-navigation/bottom-tabs": "^6.5.3",
      "@react-navigation/native": "^6.1.2",
      "@react-navigation/native-stack": "^6.9.8",
      "@rneui/base": "^4.0.0-rc.7",
      "@rneui/themed": "^4.0.0-rc.7",
      "axios": "^1.3.3",
      "expo": "~47.0.12",
      "expo-barcode-scanner": "~12.1.0",
      "expo-font": "~11.0.1",
      "expo-image-picker": "~14.0.2",
      "expo-linear-gradient": "~12.0.1",
      "expo-permissions": "~14.0.0",
      "expo-status-bar": "~1.4.2",
      "native-base": "^3.4.25",
      "nice-color-palettes": "^3.0.0",
      "prop-types": "^15.8.1",
      "qrcode.react": "^3.1.0",
      "react": "18.1.0",
      "react-native": "0.70.5",
      "react-native-app-intro-slider": "^4.0.4",
      "react-native-camera": "^4.2.1",
      "react-native-floating-action": "^1.22.0",
      "react-native-gesture-handler": "~2.8.0",
      "react-native-modal": "^13.0.1",
      "react-native-paper": "^5.1.3",
      "react-native-permissions": "^3.6.1",
      "react-native-qrcode-scanner": "^1.5.5",
      "react-native-qrcode-svg": "^6.2.0",
      "react-native-reanimated": "~2.12.0",
      "react-native-safe-area-context": "4.4.1",
      "react-native-screens": "~3.18.0",
      "react-native-share": "^8.2.0",
      "react-native-svg": "13.4.0",
      "react-native-svg-transformer": "^1.0.0",
      "styled-components": "^5.3.6"
    },
    "devDependencies": {
      "@babel/core": "^7.12.9"
    },
    "private": true
  }

yarn manifest: 
  No manifest

Lockfile: 
  No lockfile
